The system is: MINGW64_NT-10.0 - 2.10.0(0.325/5/3) - unknown
Compiling the C compiler identification source file "CMakeCCompilerId.c" succeeded.
Compiler: /mingw64/bin/gcc.exe 
Build flags: 
Id flags:  

The output was:
0


Compilation of the C compiler identification source "CMakeCCompilerId.c" produced "a.exe"

The C compiler identification is GNU, found in "/home/herb/bin/LearnGL/MyOpenGL_temp/build/CMakeFiles/3.10.2/CompilerIdC/a.exe"

Compiling the CXX compiler identification source file "CMakeCXXCompilerId.cpp" succeeded.
Compiler: /mingw64/bin/gcc.exe 
Build flags: 
Id flags:  

The output was:
0


Compilation of the CXX compiler identification source "CMakeCXXCompilerId.cpp" produced "a.exe"

The CXX compiler identification is GNU, found in "/home/herb/bin/LearnGL/MyOpenGL_temp/build/CMakeFiles/3.10.2/CompilerIdCXX/a.exe"

Determining if the C compiler works passed with the following output:
Change Dir: /home/herb/bin/LearnGL/MyOpenGL_temp/build/CMakeFiles/CMakeTmp

Run Build Command:"/usr/bin/make.exe" "cmTC_5c3b7/fast"
/usr/bin/make -f CMakeFiles/cmTC_5c3b7.dir/build.make CMakeFiles/cmTC_5c3b7.dir/build
make[1]: ディレクトリ '/home/herb/bin/LearnGL/MyOpenGL_temp/build/CMakeFiles/CMakeTmp' に入ります
Building C object CMakeFiles/cmTC_5c3b7.dir/testCCompiler.c.obj
/mingw64/bin/gcc.exe    -o CMakeFiles/cmTC_5c3b7.dir/testCCompiler.c.obj   -c /home/herb/bin/LearnGL/MyOpenGL_temp/build/CMakeFiles/CMakeTmp/testCCompiler.c
Linking C executable cmTC_5c3b7
/usr/bin/cmake.exe -E cmake_link_script CMakeFiles/cmTC_5c3b7.dir/link.txt --verbose=1
/mingw64/bin/gcc.exe      CMakeFiles/cmTC_5c3b7.dir/testCCompiler.c.obj  -o cmTC_5c3b7 
make[1]: ディレクトリ '/home/herb/bin/LearnGL/MyOpenGL_temp/build/CMakeFiles/CMakeTmp' から出ます


Detecting C compiler ABI info compiled with the following output:
Change Dir: /home/herb/bin/LearnGL/MyOpenGL_temp/build/CMakeFiles/CMakeTmp

Run Build Command:"/usr/bin/make.exe" "cmTC_23ad3/fast"
/usr/bin/make -f CMakeFiles/cmTC_23ad3.dir/build.make CMakeFiles/cmTC_23ad3.dir/build
make[1]: ディレクトリ '/home/herb/bin/LearnGL/MyOpenGL_temp/build/CMakeFiles/CMakeTmp' に入ります
Building C object CMakeFiles/cmTC_23ad3.dir/CMakeCCompilerABI.c.obj
/mingw64/bin/gcc.exe    -o CMakeFiles/cmTC_23ad3.dir/CMakeCCompilerABI.c.obj   -c /usr/share/cmake-3.10.2/Modules/CMakeCCompilerABI.c
Linking C executable cmTC_23ad3
/usr/bin/cmake.exe -E cmake_link_script CMakeFiles/cmTC_23ad3.dir/link.txt --verbose=1
/mingw64/bin/gcc.exe     -v CMakeFiles/cmTC_23ad3.dir/CMakeCCompilerABI.c.obj  -o cmTC_23ad3 
Using built-in specs.
COLLECT_GCC=C:\msys64\mingw64\bin\gcc.exe
COLLECT_LTO_WRAPPER=C:/msys64/mingw64/bin/../lib/gcc/x86_64-w64-mingw32/7.3.0/lto-wrapper.exe
Target: x86_64-w64-mingw32
Configured with: ../gcc-7.3.0/configure --prefix=/mingw64 --with-local-prefix=/mingw64/local --build=x86_64-w64-mingw32 --host=x86_64-w64-mingw32 --target=x86_64-w64-mingw32 --with-native-system-header-dir=/mingw64/x86_64-w64-mingw32/include --libexecdir=/mingw64/lib --enable-bootstrap --with-arch=x86-64 --with-tune=generic --enable-languages=c,lto,c++,objc,obj-c++,fortran,ada --enable-shared --enable-static --enable-libatomic --enable-threads=posix --enable-graphite --enable-fully-dynamic-string --enable-libstdcxx-time=yes --enable-libstdcxx-filesystem-ts=yes --disable-libstdcxx-pch --disable-libstdcxx-debug --disable-isl-version-check --enable-lto --enable-libgomp --disable-multilib --enable-checking=release --disable-rpath --disable-win32-registry --disable-nls --disable-werror --disable-symvers --with-libiconv --with-system-zlib --with-gmp=/mingw64 --with-mpfr=/mingw64 --with-mpc=/mingw64 --with-isl=/mingw64 --with-pkgversion='Rev1, Built by MSYS2 project' --with-bugurl=https://sourceforge.net/projects/msys2 --with-gnu-as --with-gnu-ld
Thread model: posix
gcc version 7.3.0 (Rev1, Built by MSYS2 project) 
COMPILER_PATH=C:/msys64/mingw64/bin/../lib/gcc/x86_64-w64-mingw32/7.3.0/;C:/msys64/mingw64/bin/../lib/gcc/;C:/msys64/mingw64/bin/../lib/gcc/x86_64-w64-mingw32/7.3.0/../../../../x86_64-w64-mingw32/bin/
LIBRARY_PATH=C:/msys64/mingw64/bin/../lib/gcc/x86_64-w64-mingw32/7.3.0/;C:/msys64/mingw64/bin/../lib/gcc/;C:/msys64/mingw64/bin/../lib/gcc/x86_64-w64-mingw32/7.3.0/../../../../x86_64-w64-mingw32/lib/../lib/;C:/msys64/mingw64/bin/../lib/gcc/x86_64-w64-mingw32/7.3.0/../../../../lib/;C:/msys64/mingw64/bin/../lib/gcc/x86_64-w64-mingw32/7.3.0/../../../../x86_64-w64-mingw32/lib/;C:/msys64/mingw64/bin/../lib/gcc/x86_64-w64-mingw32/7.3.0/../../../
COLLECT_GCC_OPTIONS='-v' '-o' 'cmTC_23ad3.exe' '-mtune=generic' '-march=x86-64'
 C:/msys64/mingw64/bin/../lib/gcc/x86_64-w64-mingw32/7.3.0/collect2.exe -plugin C:/msys64/mingw64/bin/../lib/gcc/x86_64-w64-mingw32/7.3.0/liblto_plugin-0.dll -plugin-opt=C:/msys64/mingw64/bin/../lib/gcc/x86_64-w64-mingw32/7.3.0/lto-wrapper.exe -plugin-opt=-fresolution=C:\msys64\tmp\ccabOfVQ.res -plugin-opt=-pass-through=-lmingw32 -plugin-opt=-pass-through=-lgcc -plugin-opt=-pass-through=-lgcc_eh -plugin-opt=-pass-through=-lmoldname -plugin-opt=-pass-through=-lmingwex -plugin-opt=-pass-through=-lmsvcrt -plugin-opt=-pass-through=-lpthread -plugin-opt=-pass-through=-ladvapi32 -plugin-opt=-pass-through=-lshell32 -plugin-opt=-pass-through=-luser32 -plugin-opt=-pass-through=-lkernel32 -plugin-opt=-pass-through=-lmingw32 -plugin-opt=-pass-through=-lgcc -plugin-opt=-pass-through=-lgcc_eh -plugin-opt=-pass-through=-lmoldname -plugin-opt=-pass-through=-lmingwex -plugin-opt=-pass-through=-lmsvcrt -m i386pep -Bdynamic -o cmTC_23ad3.exe C:/msys64/mingw64/bin/../lib/gcc/x86_64-w64-mingw32/7.3.0/../../../../x86_64-w64-mingw32/lib/../lib/crt2.o C:/msys64/mingw64/bin/../lib/gcc/x86_64-w64-mingw32/7.3.0/crtbegin.o -LC:/msys64/mingw64/bin/../lib/gcc/x86_64-w64-mingw32/7.3.0 -LC:/msys64/mingw64/bin/../lib/gcc -LC:/msys64/mingw64/bin/../lib/gcc/x86_64-w64-mingw32/7.3.0/../../../../x86_64-w64-mingw32/lib/../lib -LC:/msys64/mingw64/bin/../lib/gcc/x86_64-w64-mingw32/7.3.0/../../../../lib -LC:/msys64/mingw64/bin/../lib/gcc/x86_64-w64-mingw32/7.3.0/../../../../x86_64-w64-mingw32/lib -LC:/msys64/mingw64/bin/../lib/gcc/x86_64-w64-mingw32/7.3.0/../../.. CMakeFiles/cmTC_23ad3.dir/CMakeCCompilerABI.c.obj -lmingw32 -lgcc -lgcc_eh -lmoldname -lmingwex -lmsvcrt -lpthread -ladvapi32 -lshell32 -luser32 -lkernel32 -lmingw32 -lgcc -lgcc_eh -lmoldname -lmingwex -lmsvcrt C:/msys64/mingw64/bin/../lib/gcc/x86_64-w64-mingw32/7.3.0/../../../../x86_64-w64-mingw32/lib/../lib/default-manifest.o C:/msys64/mingw64/bin/../lib/gcc/x86_64-w64-mingw32/7.3.0/crtend.o
COLLECT_GCC_OPTIONS='-v' '-o' 'cmTC_23ad3.exe' '-mtune=generic' '-march=x86-64'
make[1]: ディレクトリ '/home/herb/bin/LearnGL/MyOpenGL_temp/build/CMakeFiles/CMakeTmp' から出ます


Parsed C implicit link information from above output:
  link line regex: [^( *|.*[/\])(ld\.exe|CMAKE_LINK_STARTFILE-NOTFOUND|([^/\]+-)?ld|collect2)[^/\]*( |$)]
  ignore line: [Change Dir: /home/herb/bin/LearnGL/MyOpenGL_temp/build/CMakeFiles/CMakeTmp]
  ignore line: []
  ignore line: [Run Build Command:"/usr/bin/make.exe" "cmTC_23ad3/fast"]
  ignore line: [/usr/bin/make -f CMakeFiles/cmTC_23ad3.dir/build.make CMakeFiles/cmTC_23ad3.dir/build]
  ignore line: [make[1]: ディレクトリ '/home/herb/bin/LearnGL/MyOpenGL_temp/build/CMakeFiles/CMakeTmp' に入ります]
  ignore line: [Building C object CMakeFiles/cmTC_23ad3.dir/CMakeCCompilerABI.c.obj]
  ignore line: [/mingw64/bin/gcc.exe    -o CMakeFiles/cmTC_23ad3.dir/CMakeCCompilerABI.c.obj   -c /usr/share/cmake-3.10.2/Modules/CMakeCCompilerABI.c]
  ignore line: [Linking C executable cmTC_23ad3]
  ignore line: [/usr/bin/cmake.exe -E cmake_link_script CMakeFiles/cmTC_23ad3.dir/link.txt --verbose=1]
  ignore line: [/mingw64/bin/gcc.exe     -v CMakeFiles/cmTC_23ad3.dir/CMakeCCompilerABI.c.obj  -o cmTC_23ad3 ]
  ignore line: [Using built-in specs.]
  ignore line: [COLLECT_GCC=C:\msys64\mingw64\bin\gcc.exe]
  ignore line: [COLLECT_LTO_WRAPPER=C:/msys64/mingw64/bin/../lib/gcc/x86_64-w64-mingw32/7.3.0/lto-wrapper.exe]
  ignore line: [Target: x86_64-w64-mingw32]
  ignore line: [Configured with: ../gcc-7.3.0/configure --prefix=/mingw64 --with-local-prefix=/mingw64/local --build=x86_64-w64-mingw32 --host=x86_64-w64-mingw32 --target=x86_64-w64-mingw32 --with-native-system-header-dir=/mingw64/x86_64-w64-mingw32/include --libexecdir=/mingw64/lib --enable-bootstrap --with-arch=x86-64 --with-tune=generic --enable-languages=c,lto,c++,objc,obj-c++,fortran,ada --enable-shared --enable-static --enable-libatomic --enable-threads=posix --enable-graphite --enable-fully-dynamic-string --enable-libstdcxx-time=yes --enable-libstdcxx-filesystem-ts=yes --disable-libstdcxx-pch --disable-libstdcxx-debug --disable-isl-version-check --enable-lto --enable-libgomp --disable-multilib --enable-checking=release --disable-rpath --disable-win32-registry --disable-nls --disable-werror --disable-symvers --with-libiconv --with-system-zlib --with-gmp=/mingw64 --with-mpfr=/mingw64 --with-mpc=/mingw64 --with-isl=/mingw64 --with-pkgversion='Rev1, Built by MSYS2 project' --with-bugurl=https://sourceforge.net/projects/msys2 --with-gnu-as --with-gnu-ld]
  ignore line: [Thread model: posix]
  ignore line: [gcc version 7.3.0 (Rev1, Built by MSYS2 project) ]
  ignore line: [COMPILER_PATH=C:/msys64/mingw64/bin/../lib/gcc/x86_64-w64-mingw32/7.3.0/]
  ignore line: [C:/msys64/mingw64/bin/../lib/gcc/]
  ignore line: [C:/msys64/mingw64/bin/../lib/gcc/x86_64-w64-mingw32/7.3.0/../../../../x86_64-w64-mingw32/bin/]
  ignore line: [LIBRARY_PATH=C:/msys64/mingw64/bin/../lib/gcc/x86_64-w64-mingw32/7.3.0/]
  ignore line: [C:/msys64/mingw64/bin/../lib/gcc/]
  ignore line: [C:/msys64/mingw64/bin/../lib/gcc/x86_64-w64-mingw32/7.3.0/../../../../x86_64-w64-mingw32/lib/../lib/]
  ignore line: [C:/msys64/mingw64/bin/../lib/gcc/x86_64-w64-mingw32/7.3.0/../../../../lib/]
  ignore line: [C:/msys64/mingw64/bin/../lib/gcc/x86_64-w64-mingw32/7.3.0/../../../../x86_64-w64-mingw32/lib/]
  ignore line: [C:/msys64/mingw64/bin/../lib/gcc/x86_64-w64-mingw32/7.3.0/../../../]
  ignore line: [COLLECT_GCC_OPTIONS='-v' '-o' 'cmTC_23ad3.exe' '-mtune=generic' '-march=x86-64']
  link line: [ C:/msys64/mingw64/bin/../lib/gcc/x86_64-w64-mingw32/7.3.0/collect2.exe -plugin C:/msys64/mingw64/bin/../lib/gcc/x86_64-w64-mingw32/7.3.0/liblto_plugin-0.dll -plugin-opt=C:/msys64/mingw64/bin/../lib/gcc/x86_64-w64-mingw32/7.3.0/lto-wrapper.exe -plugin-opt=-fresolution=C:\msys64\tmp\ccabOfVQ.res -plugin-opt=-pass-through=-lmingw32 -plugin-opt=-pass-through=-lgcc -plugin-opt=-pass-through=-lgcc_eh -plugin-opt=-pass-through=-lmoldname -plugin-opt=-pass-through=-lmingwex -plugin-opt=-pass-through=-lmsvcrt -plugin-opt=-pass-through=-lpthread -plugin-opt=-pass-through=-ladvapi32 -plugin-opt=-pass-through=-lshell32 -plugin-opt=-pass-through=-luser32 -plugin-opt=-pass-through=-lkernel32 -plugin-opt=-pass-through=-lmingw32 -plugin-opt=-pass-through=-lgcc -plugin-opt=-pass-through=-lgcc_eh -plugin-opt=-pass-through=-lmoldname -plugin-opt=-pass-through=-lmingwex -plugin-opt=-pass-through=-lmsvcrt -m i386pep -Bdynamic -o cmTC_23ad3.exe C:/msys64/mingw64/bin/../lib/gcc/x86_64-w64-mingw32/7.3.0/../../../../x86_64-w64-mingw32/lib/../lib/crt2.o C:/msys64/mingw64/bin/../lib/gcc/x86_64-w64-mingw32/7.3.0/crtbegin.o -LC:/msys64/mingw64/bin/../lib/gcc/x86_64-w64-mingw32/7.3.0 -LC:/msys64/mingw64/bin/../lib/gcc -LC:/msys64/mingw64/bin/../lib/gcc/x86_64-w64-mingw32/7.3.0/../../../../x86_64-w64-mingw32/lib/../lib -LC:/msys64/mingw64/bin/../lib/gcc/x86_64-w64-mingw32/7.3.0/../../../../lib -LC:/msys64/mingw64/bin/../lib/gcc/x86_64-w64-mingw32/7.3.0/../../../../x86_64-w64-mingw32/lib -LC:/msys64/mingw64/bin/../lib/gcc/x86_64-w64-mingw32/7.3.0/../../.. CMakeFiles/cmTC_23ad3.dir/CMakeCCompilerABI.c.obj -lmingw32 -lgcc -lgcc_eh -lmoldname -lmingwex -lmsvcrt -lpthread -ladvapi32 -lshell32 -luser32 -lkernel32 -lmingw32 -lgcc -lgcc_eh -lmoldname -lmingwex -lmsvcrt C:/msys64/mingw64/bin/../lib/gcc/x86_64-w64-mingw32/7.3.0/../../../../x86_64-w64-mingw32/lib/../lib/default-manifest.o C:/msys64/mingw64/bin/../lib/gcc/x86_64-w64-mingw32/7.3.0/crtend.o]
    arg [C:/msys64/mingw64/bin/../lib/gcc/x86_64-w64-mingw32/7.3.0/collect2.exe] ==> ignore
    arg [-plugin] ==> ignore
    arg [C:/msys64/mingw64/bin/../lib/gcc/x86_64-w64-mingw32/7.3.0/liblto_plugin-0.dll] ==> ignore
    arg [-plugin-opt=C:/msys64/mingw64/bin/../lib/gcc/x86_64-w64-mingw32/7.3.0/lto-wrapper.exe] ==> ignore
    arg [-plugin-opt=-fresolution=C:msys64tmpccabOfVQ.res] ==> ignore
    arg [-plugin-opt=-pass-through=-lmingw32] ==> ignore
    arg [-plugin-opt=-pass-through=-lgcc] ==> ignore
    arg [-plugin-opt=-pass-through=-lgcc_eh] ==> ignore
    arg [-plugin-opt=-pass-through=-lmoldname] ==> ignore
    arg [-plugin-opt=-pass-through=-lmingwex] ==> ignore
    arg [-plugin-opt=-pass-through=-lmsvcrt] ==> ignore
    arg [-plugin-opt=-pass-through=-lpthread] ==> ignore
    arg [-plugin-opt=-pass-through=-ladvapi32] ==> ignore
    arg [-plugin-opt=-pass-through=-lshell32] ==> ignore
    arg [-plugin-opt=-pass-through=-luser32] ==> ignore
    arg [-plugin-opt=-pass-through=-lkernel32] ==> ignore
    arg [-plugin-opt=-pass-through=-lmingw32] ==> ignore
    arg [-plugin-opt=-pass-through=-lgcc] ==> ignore
    arg [-plugin-opt=-pass-through=-lgcc_eh] ==> ignore
    arg [-plugin-opt=-pass-through=-lmoldname] ==> ignore
    arg [-plugin-opt=-pass-through=-lmingwex] ==> ignore
    arg [-plugin-opt=-pass-through=-lmsvcrt] ==> ignore
    arg [-m] ==> ignore
    arg [i386pep] ==> ignore
    arg [-Bdynamic] ==> ignore
    arg [-o] ==> ignore
    arg [cmTC_23ad3.exe] ==> ignore
    arg [C:/msys64/mingw64/bin/../lib/gcc/x86_64-w64-mingw32/7.3.0/../../../../x86_64-w64-mingw32/lib/../lib/crt2.o] ==> ignore
    arg [C:/msys64/mingw64/bin/../lib/gcc/x86_64-w64-mingw32/7.3.0/crtbegin.o] ==> ignore
    arg [-LC:/msys64/mingw64/bin/../lib/gcc/x86_64-w64-mingw32/7.3.0] ==> dir [C:/msys64/mingw64/bin/../lib/gcc/x86_64-w64-mingw32/7.3.0]
    arg [-LC:/msys64/mingw64/bin/../lib/gcc] ==> dir [C:/msys64/mingw64/bin/../lib/gcc]
    arg [-LC:/msys64/mingw64/bin/../lib/gcc/x86_64-w64-mingw32/7.3.0/../../../../x86_64-w64-mingw32/lib/../lib] ==> dir [C:/msys64/mingw64/bin/../lib/gcc/x86_64-w64-mingw32/7.3.0/../../../../x86_64-w64-mingw32/lib/../lib]
    arg [-LC:/msys64/mingw64/bin/../lib/gcc/x86_64-w64-mingw32/7.3.0/../../../../lib] ==> dir [C:/msys64/mingw64/bin/../lib/gcc/x86_64-w64-mingw32/7.3.0/../../../../lib]
    arg [-LC:/msys64/mingw64/bin/../lib/gcc/x86_64-w64-mingw32/7.3.0/../../../../x86_64-w64-mingw32/lib] ==> dir [C:/msys64/mingw64/bin/../lib/gcc/x86_64-w64-mingw32/7.3.0/../../../../x86_64-w64-mingw32/lib]
    arg [-LC:/msys64/mingw64/bin/../lib/gcc/x86_64-w64-mingw32/7.3.0/../../..] ==> dir [C:/msys64/mingw64/bin/../lib/gcc/x86_64-w64-mingw32/7.3.0/../../..]
    arg [CMakeFiles/cmTC_23ad3.dir/CMakeCCompilerABI.c.obj] ==> ignore
    arg [-lmingw32] ==> lib [mingw32]
    arg [-lgcc] ==> lib [gcc]
    arg [-lgcc_eh] ==> lib [gcc_eh]
    arg [-lmoldname] ==> lib [moldname]
    arg [-lmingwex] ==> lib [mingwex]
    arg [-lmsvcrt] ==> lib [msvcrt]
    arg [-lpthread] ==> lib [pthread]
    arg [-ladvapi32] ==> lib [advapi32]
    arg [-lshell32] ==> lib [shell32]
    arg [-luser32] ==> lib [user32]
    arg [-lkernel32] ==> lib [kernel32]
    arg [-lmingw32] ==> lib [mingw32]
    arg [-lgcc] ==> lib [gcc]
    arg [-lgcc_eh] ==> lib [gcc_eh]
    arg [-lmoldname] ==> lib [moldname]
    arg [-lmingwex] ==> lib [mingwex]
    arg [-lmsvcrt] ==> lib [msvcrt]
    arg [C:/msys64/mingw64/bin/../lib/gcc/x86_64-w64-mingw32/7.3.0/../../../../x86_64-w64-mingw32/lib/../lib/default-manifest.o] ==> ignore
    arg [C:/msys64/mingw64/bin/../lib/gcc/x86_64-w64-mingw32/7.3.0/crtend.o] ==> ignore
  remove lib [gcc_eh]
  remove lib [msvcrt]
  remove lib [gcc_eh]
  remove lib [msvcrt]
  collapse library dir [C:/msys64/mingw64/bin/../lib/gcc/x86_64-w64-mingw32/7.3.0] ==> [C:/msys64/mingw64/lib/gcc/x86_64-w64-mingw32/7.3.0]
  collapse library dir [C:/msys64/mingw64/bin/../lib/gcc] ==> [C:/msys64/mingw64/lib/gcc]
  collapse library dir [C:/msys64/mingw64/bin/../lib/gcc/x86_64-w64-mingw32/7.3.0/../../../../x86_64-w64-mingw32/lib/../lib] ==> [C:/msys64/mingw64/x86_64-w64-mingw32/lib]
  collapse library dir [C:/msys64/mingw64/bin/../lib/gcc/x86_64-w64-mingw32/7.3.0/../../../../lib] ==> [C:/msys64/mingw64/lib]
  collapse library dir [C:/msys64/mingw64/bin/../lib/gcc/x86_64-w64-mingw32/7.3.0/../../../../x86_64-w64-mingw32/lib] ==> [C:/msys64/mingw64/x86_64-w64-mingw32/lib]
  collapse library dir [C:/msys64/mingw64/bin/../lib/gcc/x86_64-w64-mingw32/7.3.0/../../..] ==> [C:/msys64/mingw64/lib]
  implicit libs: [mingw32;gcc;moldname;mingwex;pthread;advapi32;shell32;user32;kernel32;mingw32;gcc;moldname;mingwex]
  implicit dirs: [C:/msys64/mingw64/lib/gcc/x86_64-w64-mingw32/7.3.0;C:/msys64/mingw64/lib/gcc;C:/msys64/mingw64/x86_64-w64-mingw32/lib;C:/msys64/mingw64/lib]
  implicit fwks: []




Detecting C [-std=c11] compiler features compiled with the following output:
Change Dir: /home/herb/bin/LearnGL/MyOpenGL_temp/build/CMakeFiles/CMakeTmp

Run Build Command:"/usr/bin/make.exe" "cmTC_3a922/fast"
/usr/bin/make -f CMakeFiles/cmTC_3a922.dir/build.make CMakeFiles/cmTC_3a922.dir/build
make[1]: ディレクトリ '/home/herb/bin/LearnGL/MyOpenGL_temp/build/CMakeFiles/CMakeTmp' に入ります
Building C object CMakeFiles/cmTC_3a922.dir/feature_tests.c.obj
/mingw64/bin/gcc.exe   -std=c11 -o CMakeFiles/cmTC_3a922.dir/feature_tests.c.obj   -c /home/herb/bin/LearnGL/MyOpenGL_temp/build/CMakeFiles/feature_tests.c
Linking C executable cmTC_3a922
/usr/bin/cmake.exe -E cmake_link_script CMakeFiles/cmTC_3a922.dir/link.txt --verbose=1
/mingw64/bin/gcc.exe      CMakeFiles/cmTC_3a922.dir/feature_tests.c.obj  -o cmTC_3a922 
make[1]: ディレクトリ '/home/herb/bin/LearnGL/MyOpenGL_temp/build/CMakeFiles/CMakeTmp' から出ます


    Feature record: C_FEATURE:1c_function_prototypes
    Feature record: C_FEATURE:1c_restrict
    Feature record: C_FEATURE:1c_static_assert
    Feature record: C_FEATURE:1c_variadic_macros


Detecting C [-std=c99] compiler features compiled with the following output:
Change Dir: /home/herb/bin/LearnGL/MyOpenGL_temp/build/CMakeFiles/CMakeTmp

Run Build Command:"/usr/bin/make.exe" "cmTC_01671/fast"
/usr/bin/make -f CMakeFiles/cmTC_01671.dir/build.make CMakeFiles/cmTC_01671.dir/build
make[1]: ディレクトリ '/home/herb/bin/LearnGL/MyOpenGL_temp/build/CMakeFiles/CMakeTmp' に入ります
Building C object CMakeFiles/cmTC_01671.dir/feature_tests.c.obj
/mingw64/bin/gcc.exe   -std=c99 -o CMakeFiles/cmTC_01671.dir/feature_tests.c.obj   -c /home/herb/bin/LearnGL/MyOpenGL_temp/build/CMakeFiles/feature_tests.c
Linking C executable cmTC_01671
/usr/bin/cmake.exe -E cmake_link_script CMakeFiles/cmTC_01671.dir/link.txt --verbose=1
/mingw64/bin/gcc.exe      CMakeFiles/cmTC_01671.dir/feature_tests.c.obj  -o cmTC_01671 
make[1]: ディレクトリ '/home/herb/bin/LearnGL/MyOpenGL_temp/build/CMakeFiles/CMakeTmp' から出ます


    Feature record: C_FEATURE:1c_function_prototypes
    Feature record: C_FEATURE:1c_restrict
    Feature record: C_FEATURE:0c_static_assert
    Feature record: C_FEATURE:1c_variadic_macros


Detecting C [-std=c90] compiler features compiled with the following output:
Change Dir: /home/herb/bin/LearnGL/MyOpenGL_temp/build/CMakeFiles/CMakeTmp

Run Build Command:"/usr/bin/make.exe" "cmTC_490e6/fast"
/usr/bin/make -f CMakeFiles/cmTC_490e6.dir/build.make CMakeFiles/cmTC_490e6.dir/build
make[1]: ディレクトリ '/home/herb/bin/LearnGL/MyOpenGL_temp/build/CMakeFiles/CMakeTmp' に入ります
Building C object CMakeFiles/cmTC_490e6.dir/feature_tests.c.obj
/mingw64/bin/gcc.exe   -std=c90 -o CMakeFiles/cmTC_490e6.dir/feature_tests.c.obj   -c /home/herb/bin/LearnGL/MyOpenGL_temp/build/CMakeFiles/feature_tests.c
Linking C executable cmTC_490e6
/usr/bin/cmake.exe -E cmake_link_script CMakeFiles/cmTC_490e6.dir/link.txt --verbose=1
/mingw64/bin/gcc.exe      CMakeFiles/cmTC_490e6.dir/feature_tests.c.obj  -o cmTC_490e6 
make[1]: ディレクトリ '/home/herb/bin/LearnGL/MyOpenGL_temp/build/CMakeFiles/CMakeTmp' から出ます


    Feature record: C_FEATURE:1c_function_prototypes
    Feature record: C_FEATURE:0c_restrict
    Feature record: C_FEATURE:0c_static_assert
    Feature record: C_FEATURE:0c_variadic_macros
Determining if the CXX compiler works passed with the following output:
Change Dir: /home/herb/bin/LearnGL/MyOpenGL_temp/build/CMakeFiles/CMakeTmp

Run Build Command:"/usr/bin/make.exe" "cmTC_0c4fd/fast"
/usr/bin/make -f CMakeFiles/cmTC_0c4fd.dir/build.make CMakeFiles/cmTC_0c4fd.dir/build
make[1]: ディレクトリ '/home/herb/bin/LearnGL/MyOpenGL_temp/build/CMakeFiles/CMakeTmp' に入ります
Building CXX object CMakeFiles/cmTC_0c4fd.dir/testCXXCompiler.cxx.obj
/mingw64/bin/gcc.exe     -o CMakeFiles/cmTC_0c4fd.dir/testCXXCompiler.cxx.obj -c /home/herb/bin/LearnGL/MyOpenGL_temp/build/CMakeFiles/CMakeTmp/testCXXCompiler.cxx
Linking CXX executable cmTC_0c4fd
/usr/bin/cmake.exe -E cmake_link_script CMakeFiles/cmTC_0c4fd.dir/link.txt --verbose=1
/mingw64/bin/gcc.exe       CMakeFiles/cmTC_0c4fd.dir/testCXXCompiler.cxx.obj  -o cmTC_0c4fd 
make[1]: ディレクトリ '/home/herb/bin/LearnGL/MyOpenGL_temp/build/CMakeFiles/CMakeTmp' から出ます


Detecting CXX compiler ABI info compiled with the following output:
Change Dir: /home/herb/bin/LearnGL/MyOpenGL_temp/build/CMakeFiles/CMakeTmp

Run Build Command:"/usr/bin/make.exe" "cmTC_39f12/fast"
/usr/bin/make -f CMakeFiles/cmTC_39f12.dir/build.make CMakeFiles/cmTC_39f12.dir/build
make[1]: ディレクトリ '/home/herb/bin/LearnGL/MyOpenGL_temp/build/CMakeFiles/CMakeTmp' に入ります
Building CXX object CMakeFiles/cmTC_39f12.dir/CMakeCXXCompilerABI.cpp.obj
/mingw64/bin/gcc.exe     -o CMakeFiles/cmTC_39f12.dir/CMakeCXXCompilerABI.cpp.obj -c /usr/share/cmake-3.10.2/Modules/CMakeCXXCompilerABI.cpp
Linking CXX executable cmTC_39f12
/usr/bin/cmake.exe -E cmake_link_script CMakeFiles/cmTC_39f12.dir/link.txt --verbose=1
/mingw64/bin/gcc.exe      -v CMakeFiles/cmTC_39f12.dir/CMakeCXXCompilerABI.cpp.obj  -o cmTC_39f12 
Using built-in specs.
COLLECT_GCC=C:\msys64\mingw64\bin\gcc.exe
COLLECT_LTO_WRAPPER=C:/msys64/mingw64/bin/../lib/gcc/x86_64-w64-mingw32/7.3.0/lto-wrapper.exe
Target: x86_64-w64-mingw32
Configured with: ../gcc-7.3.0/configure --prefix=/mingw64 --with-local-prefix=/mingw64/local --build=x86_64-w64-mingw32 --host=x86_64-w64-mingw32 --target=x86_64-w64-mingw32 --with-native-system-header-dir=/mingw64/x86_64-w64-mingw32/include --libexecdir=/mingw64/lib --enable-bootstrap --with-arch=x86-64 --with-tune=generic --enable-languages=c,lto,c++,objc,obj-c++,fortran,ada --enable-shared --enable-static --enable-libatomic --enable-threads=posix --enable-graphite --enable-fully-dynamic-string --enable-libstdcxx-time=yes --enable-libstdcxx-filesystem-ts=yes --disable-libstdcxx-pch --disable-libstdcxx-debug --disable-isl-version-check --enable-lto --enable-libgomp --disable-multilib --enable-checking=release --disable-rpath --disable-win32-registry --disable-nls --disable-werror --disable-symvers --with-libiconv --with-system-zlib --with-gmp=/mingw64 --with-mpfr=/mingw64 --with-mpc=/mingw64 --with-isl=/mingw64 --with-pkgversion='Rev1, Built by MSYS2 project' --with-bugurl=https://sourceforge.net/projects/msys2 --with-gnu-as --with-gnu-ld
Thread model: posix
gcc version 7.3.0 (Rev1, Built by MSYS2 project) 
COMPILER_PATH=C:/msys64/mingw64/bin/../lib/gcc/x86_64-w64-mingw32/7.3.0/;C:/msys64/mingw64/bin/../lib/gcc/;C:/msys64/mingw64/bin/../lib/gcc/x86_64-w64-mingw32/7.3.0/../../../../x86_64-w64-mingw32/bin/
LIBRARY_PATH=C:/msys64/mingw64/bin/../lib/gcc/x86_64-w64-mingw32/7.3.0/;C:/msys64/mingw64/bin/../lib/gcc/;C:/msys64/mingw64/bin/../lib/gcc/x86_64-w64-mingw32/7.3.0/../../../../x86_64-w64-mingw32/lib/../lib/;C:/msys64/mingw64/bin/../lib/gcc/x86_64-w64-mingw32/7.3.0/../../../../lib/;C:/msys64/mingw64/bin/../lib/gcc/x86_64-w64-mingw32/7.3.0/../../../../x86_64-w64-mingw32/lib/;C:/msys64/mingw64/bin/../lib/gcc/x86_64-w64-mingw32/7.3.0/../../../
COLLECT_GCC_OPTIONS='-v' '-o' 'cmTC_39f12.exe' '-mtune=generic' '-march=x86-64'
 C:/msys64/mingw64/bin/../lib/gcc/x86_64-w64-mingw32/7.3.0/collect2.exe -plugin C:/msys64/mingw64/bin/../lib/gcc/x86_64-w64-mingw32/7.3.0/liblto_plugin-0.dll -plugin-opt=C:/msys64/mingw64/bin/../lib/gcc/x86_64-w64-mingw32/7.3.0/lto-wrapper.exe -plugin-opt=-fresolution=C:\msys64\tmp\ccB83UZG.res -plugin-opt=-pass-through=-lmingw32 -plugin-opt=-pass-through=-lgcc -plugin-opt=-pass-through=-lgcc_eh -plugin-opt=-pass-through=-lmoldname -plugin-opt=-pass-through=-lmingwex -plugin-opt=-pass-through=-lmsvcrt -plugin-opt=-pass-through=-lpthread -plugin-opt=-pass-through=-ladvapi32 -plugin-opt=-pass-through=-lshell32 -plugin-opt=-pass-through=-luser32 -plugin-opt=-pass-through=-lkernel32 -plugin-opt=-pass-through=-lmingw32 -plugin-opt=-pass-through=-lgcc -plugin-opt=-pass-through=-lgcc_eh -plugin-opt=-pass-through=-lmoldname -plugin-opt=-pass-through=-lmingwex -plugin-opt=-pass-through=-lmsvcrt -m i386pep -Bdynamic -o cmTC_39f12.exe C:/msys64/mingw64/bin/../lib/gcc/x86_64-w64-mingw32/7.3.0/../../../../x86_64-w64-mingw32/lib/../lib/crt2.o C:/msys64/mingw64/bin/../lib/gcc/x86_64-w64-mingw32/7.3.0/crtbegin.o -LC:/msys64/mingw64/bin/../lib/gcc/x86_64-w64-mingw32/7.3.0 -LC:/msys64/mingw64/bin/../lib/gcc -LC:/msys64/mingw64/bin/../lib/gcc/x86_64-w64-mingw32/7.3.0/../../../../x86_64-w64-mingw32/lib/../lib -LC:/msys64/mingw64/bin/../lib/gcc/x86_64-w64-mingw32/7.3.0/../../../../lib -LC:/msys64/mingw64/bin/../lib/gcc/x86_64-w64-mingw32/7.3.0/../../../../x86_64-w64-mingw32/lib -LC:/msys64/mingw64/bin/../lib/gcc/x86_64-w64-mingw32/7.3.0/../../.. CMakeFiles/cmTC_39f12.dir/CMakeCXXCompilerABI.cpp.obj -lmingw32 -lgcc -lgcc_eh -lmoldname -lmingwex -lmsvcrt -lpthread -ladvapi32 -lshell32 -luser32 -lkernel32 -lmingw32 -lgcc -lgcc_eh -lmoldname -lmingwex -lmsvcrt C:/msys64/mingw64/bin/../lib/gcc/x86_64-w64-mingw32/7.3.0/../../../../x86_64-w64-mingw32/lib/../lib/default-manifest.o C:/msys64/mingw64/bin/../lib/gcc/x86_64-w64-mingw32/7.3.0/crtend.o
COLLECT_GCC_OPTIONS='-v' '-o' 'cmTC_39f12.exe' '-mtune=generic' '-march=x86-64'
make[1]: ディレクトリ '/home/herb/bin/LearnGL/MyOpenGL_temp/build/CMakeFiles/CMakeTmp' から出ます


Parsed CXX implicit link information from above output:
  link line regex: [^( *|.*[/\])(ld\.exe|CMAKE_LINK_STARTFILE-NOTFOUND|([^/\]+-)?ld|collect2)[^/\]*( |$)]
  ignore line: [Change Dir: /home/herb/bin/LearnGL/MyOpenGL_temp/build/CMakeFiles/CMakeTmp]
  ignore line: []
  ignore line: [Run Build Command:"/usr/bin/make.exe" "cmTC_39f12/fast"]
  ignore line: [/usr/bin/make -f CMakeFiles/cmTC_39f12.dir/build.make CMakeFiles/cmTC_39f12.dir/build]
  ignore line: [make[1]: ディレクトリ '/home/herb/bin/LearnGL/MyOpenGL_temp/build/CMakeFiles/CMakeTmp' に入ります]
  ignore line: [Building CXX object CMakeFiles/cmTC_39f12.dir/CMakeCXXCompilerABI.cpp.obj]
  ignore line: [/mingw64/bin/gcc.exe     -o CMakeFiles/cmTC_39f12.dir/CMakeCXXCompilerABI.cpp.obj -c /usr/share/cmake-3.10.2/Modules/CMakeCXXCompilerABI.cpp]
  ignore line: [Linking CXX executable cmTC_39f12]
  ignore line: [/usr/bin/cmake.exe -E cmake_link_script CMakeFiles/cmTC_39f12.dir/link.txt --verbose=1]
  ignore line: [/mingw64/bin/gcc.exe      -v CMakeFiles/cmTC_39f12.dir/CMakeCXXCompilerABI.cpp.obj  -o cmTC_39f12 ]
  ignore line: [Using built-in specs.]
  ignore line: [COLLECT_GCC=C:\msys64\mingw64\bin\gcc.exe]
  ignore line: [COLLECT_LTO_WRAPPER=C:/msys64/mingw64/bin/../lib/gcc/x86_64-w64-mingw32/7.3.0/lto-wrapper.exe]
  ignore line: [Target: x86_64-w64-mingw32]
  ignore line: [Configured with: ../gcc-7.3.0/configure --prefix=/mingw64 --with-local-prefix=/mingw64/local --build=x86_64-w64-mingw32 --host=x86_64-w64-mingw32 --target=x86_64-w64-mingw32 --with-native-system-header-dir=/mingw64/x86_64-w64-mingw32/include --libexecdir=/mingw64/lib --enable-bootstrap --with-arch=x86-64 --with-tune=generic --enable-languages=c,lto,c++,objc,obj-c++,fortran,ada --enable-shared --enable-static --enable-libatomic --enable-threads=posix --enable-graphite --enable-fully-dynamic-string --enable-libstdcxx-time=yes --enable-libstdcxx-filesystem-ts=yes --disable-libstdcxx-pch --disable-libstdcxx-debug --disable-isl-version-check --enable-lto --enable-libgomp --disable-multilib --enable-checking=release --disable-rpath --disable-win32-registry --disable-nls --disable-werror --disable-symvers --with-libiconv --with-system-zlib --with-gmp=/mingw64 --with-mpfr=/mingw64 --with-mpc=/mingw64 --with-isl=/mingw64 --with-pkgversion='Rev1, Built by MSYS2 project' --with-bugurl=https://sourceforge.net/projects/msys2 --with-gnu-as --with-gnu-ld]
  ignore line: [Thread model: posix]
  ignore line: [gcc version 7.3.0 (Rev1, Built by MSYS2 project) ]
  ignore line: [COMPILER_PATH=C:/msys64/mingw64/bin/../lib/gcc/x86_64-w64-mingw32/7.3.0/]
  ignore line: [C:/msys64/mingw64/bin/../lib/gcc/]
  ignore line: [C:/msys64/mingw64/bin/../lib/gcc/x86_64-w64-mingw32/7.3.0/../../../../x86_64-w64-mingw32/bin/]
  ignore line: [LIBRARY_PATH=C:/msys64/mingw64/bin/../lib/gcc/x86_64-w64-mingw32/7.3.0/]
  ignore line: [C:/msys64/mingw64/bin/../lib/gcc/]
  ignore line: [C:/msys64/mingw64/bin/../lib/gcc/x86_64-w64-mingw32/7.3.0/../../../../x86_64-w64-mingw32/lib/../lib/]
  ignore line: [C:/msys64/mingw64/bin/../lib/gcc/x86_64-w64-mingw32/7.3.0/../../../../lib/]
  ignore line: [C:/msys64/mingw64/bin/../lib/gcc/x86_64-w64-mingw32/7.3.0/../../../../x86_64-w64-mingw32/lib/]
  ignore line: [C:/msys64/mingw64/bin/../lib/gcc/x86_64-w64-mingw32/7.3.0/../../../]
  ignore line: [COLLECT_GCC_OPTIONS='-v' '-o' 'cmTC_39f12.exe' '-mtune=generic' '-march=x86-64']
  link line: [ C:/msys64/mingw64/bin/../lib/gcc/x86_64-w64-mingw32/7.3.0/collect2.exe -plugin C:/msys64/mingw64/bin/../lib/gcc/x86_64-w64-mingw32/7.3.0/liblto_plugin-0.dll -plugin-opt=C:/msys64/mingw64/bin/../lib/gcc/x86_64-w64-mingw32/7.3.0/lto-wrapper.exe -plugin-opt=-fresolution=C:\msys64\tmp\ccB83UZG.res -plugin-opt=-pass-through=-lmingw32 -plugin-opt=-pass-through=-lgcc -plugin-opt=-pass-through=-lgcc_eh -plugin-opt=-pass-through=-lmoldname -plugin-opt=-pass-through=-lmingwex -plugin-opt=-pass-through=-lmsvcrt -plugin-opt=-pass-through=-lpthread -plugin-opt=-pass-through=-ladvapi32 -plugin-opt=-pass-through=-lshell32 -plugin-opt=-pass-through=-luser32 -plugin-opt=-pass-through=-lkernel32 -plugin-opt=-pass-through=-lmingw32 -plugin-opt=-pass-through=-lgcc -plugin-opt=-pass-through=-lgcc_eh -plugin-opt=-pass-through=-lmoldname -plugin-opt=-pass-through=-lmingwex -plugin-opt=-pass-through=-lmsvcrt -m i386pep -Bdynamic -o cmTC_39f12.exe C:/msys64/mingw64/bin/../lib/gcc/x86_64-w64-mingw32/7.3.0/../../../../x86_64-w64-mingw32/lib/../lib/crt2.o C:/msys64/mingw64/bin/../lib/gcc/x86_64-w64-mingw32/7.3.0/crtbegin.o -LC:/msys64/mingw64/bin/../lib/gcc/x86_64-w64-mingw32/7.3.0 -LC:/msys64/mingw64/bin/../lib/gcc -LC:/msys64/mingw64/bin/../lib/gcc/x86_64-w64-mingw32/7.3.0/../../../../x86_64-w64-mingw32/lib/../lib -LC:/msys64/mingw64/bin/../lib/gcc/x86_64-w64-mingw32/7.3.0/../../../../lib -LC:/msys64/mingw64/bin/../lib/gcc/x86_64-w64-mingw32/7.3.0/../../../../x86_64-w64-mingw32/lib -LC:/msys64/mingw64/bin/../lib/gcc/x86_64-w64-mingw32/7.3.0/../../.. CMakeFiles/cmTC_39f12.dir/CMakeCXXCompilerABI.cpp.obj -lmingw32 -lgcc -lgcc_eh -lmoldname -lmingwex -lmsvcrt -lpthread -ladvapi32 -lshell32 -luser32 -lkernel32 -lmingw32 -lgcc -lgcc_eh -lmoldname -lmingwex -lmsvcrt C:/msys64/mingw64/bin/../lib/gcc/x86_64-w64-mingw32/7.3.0/../../../../x86_64-w64-mingw32/lib/../lib/default-manifest.o C:/msys64/mingw64/bin/../lib/gcc/x86_64-w64-mingw32/7.3.0/crtend.o]
    arg [C:/msys64/mingw64/bin/../lib/gcc/x86_64-w64-mingw32/7.3.0/collect2.exe] ==> ignore
    arg [-plugin] ==> ignore
    arg [C:/msys64/mingw64/bin/../lib/gcc/x86_64-w64-mingw32/7.3.0/liblto_plugin-0.dll] ==> ignore
    arg [-plugin-opt=C:/msys64/mingw64/bin/../lib/gcc/x86_64-w64-mingw32/7.3.0/lto-wrapper.exe] ==> ignore
    arg [-plugin-opt=-fresolution=C:msys64tmpccB83UZG.res] ==> ignore
    arg [-plugin-opt=-pass-through=-lmingw32] ==> ignore
    arg [-plugin-opt=-pass-through=-lgcc] ==> ignore
    arg [-plugin-opt=-pass-through=-lgcc_eh] ==> ignore
    arg [-plugin-opt=-pass-through=-lmoldname] ==> ignore
    arg [-plugin-opt=-pass-through=-lmingwex] ==> ignore
    arg [-plugin-opt=-pass-through=-lmsvcrt] ==> ignore
    arg [-plugin-opt=-pass-through=-lpthread] ==> ignore
    arg [-plugin-opt=-pass-through=-ladvapi32] ==> ignore
    arg [-plugin-opt=-pass-through=-lshell32] ==> ignore
    arg [-plugin-opt=-pass-through=-luser32] ==> ignore
    arg [-plugin-opt=-pass-through=-lkernel32] ==> ignore
    arg [-plugin-opt=-pass-through=-lmingw32] ==> ignore
    arg [-plugin-opt=-pass-through=-lgcc] ==> ignore
    arg [-plugin-opt=-pass-through=-lgcc_eh] ==> ignore
    arg [-plugin-opt=-pass-through=-lmoldname] ==> ignore
    arg [-plugin-opt=-pass-through=-lmingwex] ==> ignore
    arg [-plugin-opt=-pass-through=-lmsvcrt] ==> ignore
    arg [-m] ==> ignore
    arg [i386pep] ==> ignore
    arg [-Bdynamic] ==> ignore
    arg [-o] ==> ignore
    arg [cmTC_39f12.exe] ==> ignore
    arg [C:/msys64/mingw64/bin/../lib/gcc/x86_64-w64-mingw32/7.3.0/../../../../x86_64-w64-mingw32/lib/../lib/crt2.o] ==> ignore
    arg [C:/msys64/mingw64/bin/../lib/gcc/x86_64-w64-mingw32/7.3.0/crtbegin.o] ==> ignore
    arg [-LC:/msys64/mingw64/bin/../lib/gcc/x86_64-w64-mingw32/7.3.0] ==> dir [C:/msys64/mingw64/bin/../lib/gcc/x86_64-w64-mingw32/7.3.0]
    arg [-LC:/msys64/mingw64/bin/../lib/gcc] ==> dir [C:/msys64/mingw64/bin/../lib/gcc]
    arg [-LC:/msys64/mingw64/bin/../lib/gcc/x86_64-w64-mingw32/7.3.0/../../../../x86_64-w64-mingw32/lib/../lib] ==> dir [C:/msys64/mingw64/bin/../lib/gcc/x86_64-w64-mingw32/7.3.0/../../../../x86_64-w64-mingw32/lib/../lib]
    arg [-LC:/msys64/mingw64/bin/../lib/gcc/x86_64-w64-mingw32/7.3.0/../../../../lib] ==> dir [C:/msys64/mingw64/bin/../lib/gcc/x86_64-w64-mingw32/7.3.0/../../../../lib]
    arg [-LC:/msys64/mingw64/bin/../lib/gcc/x86_64-w64-mingw32/7.3.0/../../../../x86_64-w64-mingw32/lib] ==> dir [C:/msys64/mingw64/bin/../lib/gcc/x86_64-w64-mingw32/7.3.0/../../../../x86_64-w64-mingw32/lib]
    arg [-LC:/msys64/mingw64/bin/../lib/gcc/x86_64-w64-mingw32/7.3.0/../../..] ==> dir [C:/msys64/mingw64/bin/../lib/gcc/x86_64-w64-mingw32/7.3.0/../../..]
    arg [CMakeFiles/cmTC_39f12.dir/CMakeCXXCompilerABI.cpp.obj] ==> ignore
    arg [-lmingw32] ==> lib [mingw32]
    arg [-lgcc] ==> lib [gcc]
    arg [-lgcc_eh] ==> lib [gcc_eh]
    arg [-lmoldname] ==> lib [moldname]
    arg [-lmingwex] ==> lib [mingwex]
    arg [-lmsvcrt] ==> lib [msvcrt]
    arg [-lpthread] ==> lib [pthread]
    arg [-ladvapi32] ==> lib [advapi32]
    arg [-lshell32] ==> lib [shell32]
    arg [-luser32] ==> lib [user32]
    arg [-lkernel32] ==> lib [kernel32]
    arg [-lmingw32] ==> lib [mingw32]
    arg [-lgcc] ==> lib [gcc]
    arg [-lgcc_eh] ==> lib [gcc_eh]
    arg [-lmoldname] ==> lib [moldname]
    arg [-lmingwex] ==> lib [mingwex]
    arg [-lmsvcrt] ==> lib [msvcrt]
    arg [C:/msys64/mingw64/bin/../lib/gcc/x86_64-w64-mingw32/7.3.0/../../../../x86_64-w64-mingw32/lib/../lib/default-manifest.o] ==> ignore
    arg [C:/msys64/mingw64/bin/../lib/gcc/x86_64-w64-mingw32/7.3.0/crtend.o] ==> ignore
  remove lib [gcc_eh]
  remove lib [msvcrt]
  remove lib [gcc_eh]
  remove lib [msvcrt]
  collapse library dir [C:/msys64/mingw64/bin/../lib/gcc/x86_64-w64-mingw32/7.3.0] ==> [C:/msys64/mingw64/lib/gcc/x86_64-w64-mingw32/7.3.0]
  collapse library dir [C:/msys64/mingw64/bin/../lib/gcc] ==> [C:/msys64/mingw64/lib/gcc]
  collapse library dir [C:/msys64/mingw64/bin/../lib/gcc/x86_64-w64-mingw32/7.3.0/../../../../x86_64-w64-mingw32/lib/../lib] ==> [C:/msys64/mingw64/x86_64-w64-mingw32/lib]
  collapse library dir [C:/msys64/mingw64/bin/../lib/gcc/x86_64-w64-mingw32/7.3.0/../../../../lib] ==> [C:/msys64/mingw64/lib]
  collapse library dir [C:/msys64/mingw64/bin/../lib/gcc/x86_64-w64-mingw32/7.3.0/../../../../x86_64-w64-mingw32/lib] ==> [C:/msys64/mingw64/x86_64-w64-mingw32/lib]
  collapse library dir [C:/msys64/mingw64/bin/../lib/gcc/x86_64-w64-mingw32/7.3.0/../../..] ==> [C:/msys64/mingw64/lib]
  implicit libs: [mingw32;gcc;moldname;mingwex;pthread;advapi32;shell32;user32;kernel32;mingw32;gcc;moldname;mingwex]
  implicit dirs: [C:/msys64/mingw64/lib/gcc/x86_64-w64-mingw32/7.3.0;C:/msys64/mingw64/lib/gcc;C:/msys64/mingw64/x86_64-w64-mingw32/lib;C:/msys64/mingw64/lib]
  implicit fwks: []




Detecting CXX [-std=c++1z] compiler features compiled with the following output:
Change Dir: /home/herb/bin/LearnGL/MyOpenGL_temp/build/CMakeFiles/CMakeTmp

Run Build Command:"/usr/bin/make.exe" "cmTC_59735/fast"
/usr/bin/make -f CMakeFiles/cmTC_59735.dir/build.make CMakeFiles/cmTC_59735.dir/build
make[1]: ディレクトリ '/home/herb/bin/LearnGL/MyOpenGL_temp/build/CMakeFiles/CMakeTmp' に入ります
Building CXX object CMakeFiles/cmTC_59735.dir/feature_tests.cxx.obj
/mingw64/bin/gcc.exe    -std=c++1z -o CMakeFiles/cmTC_59735.dir/feature_tests.cxx.obj -c /home/herb/bin/LearnGL/MyOpenGL_temp/build/CMakeFiles/feature_tests.cxx
Linking CXX executable cmTC_59735
/usr/bin/cmake.exe -E cmake_link_script CMakeFiles/cmTC_59735.dir/link.txt --verbose=1
/mingw64/bin/gcc.exe       CMakeFiles/cmTC_59735.dir/feature_tests.cxx.obj  -o cmTC_59735 
make[1]: ディレクトリ '/home/herb/bin/LearnGL/MyOpenGL_temp/build/CMakeFiles/CMakeTmp' から出ます


    Feature record: CXX_FEATURE:1cxx_aggregate_default_initializers
    Feature record: CXX_FEATURE:1cxx_alias_templates
    Feature record: CXX_FEATURE:1cxx_alignas
    Feature record: CXX_FEATURE:1cxx_alignof
    Feature record: CXX_FEATURE:1cxx_attributes
    Feature record: CXX_FEATURE:1cxx_attribute_deprecated
    Feature record: CXX_FEATURE:1cxx_auto_type
    Feature record: CXX_FEATURE:1cxx_binary_literals
    Feature record: CXX_FEATURE:1cxx_constexpr
    Feature record: CXX_FEATURE:1cxx_contextual_conversions
    Feature record: CXX_FEATURE:1cxx_decltype
    Feature record: CXX_FEATURE:1cxx_decltype_auto
    Feature record: CXX_FEATURE:1cxx_decltype_incomplete_return_types
    Feature record: CXX_FEATURE:1cxx_default_function_template_args
    Feature record: CXX_FEATURE:1cxx_defaulted_functions
    Feature record: CXX_FEATURE:1cxx_defaulted_move_initializers
    Feature record: CXX_FEATURE:1cxx_delegating_constructors
    Feature record: CXX_FEATURE:1cxx_deleted_functions
    Feature record: CXX_FEATURE:1cxx_digit_separators
    Feature record: CXX_FEATURE:1cxx_enum_forward_declarations
    Feature record: CXX_FEATURE:1cxx_explicit_conversions
    Feature record: CXX_FEATURE:1cxx_extended_friend_declarations
    Feature record: CXX_FEATURE:1cxx_extern_templates
    Feature record: CXX_FEATURE:1cxx_final
    Feature record: CXX_FEATURE:1cxx_func_identifier
    Feature record: CXX_FEATURE:1cxx_generalized_initializers
    Feature record: CXX_FEATURE:1cxx_generic_lambdas
    Feature record: CXX_FEATURE:1cxx_inheriting_constructors
    Feature record: CXX_FEATURE:1cxx_inline_namespaces
    Feature record: CXX_FEATURE:1cxx_lambdas
    Feature record: CXX_FEATURE:1cxx_lambda_init_captures
    Feature record: CXX_FEATURE:1cxx_local_type_template_args
    Feature record: CXX_FEATURE:1cxx_long_long_type
    Feature record: CXX_FEATURE:1cxx_noexcept
    Feature record: CXX_FEATURE:1cxx_nonstatic_member_init
    Feature record: CXX_FEATURE:1cxx_nullptr
    Feature record: CXX_FEATURE:1cxx_override
    Feature record: CXX_FEATURE:1cxx_range_for
    Feature record: CXX_FEATURE:1cxx_raw_string_literals
    Feature record: CXX_FEATURE:1cxx_reference_qualified_functions
    Feature record: CXX_FEATURE:1cxx_relaxed_constexpr
    Feature record: CXX_FEATURE:1cxx_return_type_deduction
    Feature record: CXX_FEATURE:1cxx_right_angle_brackets
    Feature record: CXX_FEATURE:1cxx_rvalue_references
    Feature record: CXX_FEATURE:1cxx_sizeof_member
    Feature record: CXX_FEATURE:1cxx_static_assert
    Feature record: CXX_FEATURE:1cxx_strong_enums
    Feature record: CXX_FEATURE:1cxx_template_template_parameters
    Feature record: CXX_FEATURE:1cxx_thread_local
    Feature record: CXX_FEATURE:1cxx_trailing_return_types
    Feature record: CXX_FEATURE:1cxx_unicode_literals
    Feature record: CXX_FEATURE:1cxx_uniform_initialization
    Feature record: CXX_FEATURE:1cxx_unrestricted_unions
    Feature record: CXX_FEATURE:1cxx_user_literals
    Feature record: CXX_FEATURE:1cxx_variable_templates
    Feature record: CXX_FEATURE:1cxx_variadic_macros
    Feature record: CXX_FEATURE:1cxx_variadic_templates


Detecting CXX [-std=c++14] compiler features compiled with the following output:
Change Dir: /home/herb/bin/LearnGL/MyOpenGL_temp/build/CMakeFiles/CMakeTmp

Run Build Command:"/usr/bin/make.exe" "cmTC_90e63/fast"
/usr/bin/make -f CMakeFiles/cmTC_90e63.dir/build.make CMakeFiles/cmTC_90e63.dir/build
make[1]: ディレクトリ '/home/herb/bin/LearnGL/MyOpenGL_temp/build/CMakeFiles/CMakeTmp' に入ります
Building CXX object CMakeFiles/cmTC_90e63.dir/feature_tests.cxx.obj
/mingw64/bin/gcc.exe    -std=c++14 -o CMakeFiles/cmTC_90e63.dir/feature_tests.cxx.obj -c /home/herb/bin/LearnGL/MyOpenGL_temp/build/CMakeFiles/feature_tests.cxx
Linking CXX executable cmTC_90e63
/usr/bin/cmake.exe -E cmake_link_script CMakeFiles/cmTC_90e63.dir/link.txt --verbose=1
/mingw64/bin/gcc.exe       CMakeFiles/cmTC_90e63.dir/feature_tests.cxx.obj  -o cmTC_90e63 
make[1]: ディレクトリ '/home/herb/bin/LearnGL/MyOpenGL_temp/build/CMakeFiles/CMakeTmp' から出ます


    Feature record: CXX_FEATURE:1cxx_aggregate_default_initializers
    Feature record: CXX_FEATURE:1cxx_alias_templates
    Feature record: CXX_FEATURE:1cxx_alignas
    Feature record: CXX_FEATURE:1cxx_alignof
    Feature record: CXX_FEATURE:1cxx_attributes
    Feature record: CXX_FEATURE:1cxx_attribute_deprecated
    Feature record: CXX_FEATURE:1cxx_auto_type
    Feature record: CXX_FEATURE:1cxx_binary_literals
    Feature record: CXX_FEATURE:1cxx_constexpr
    Feature record: CXX_FEATURE:1cxx_contextual_conversions
    Feature record: CXX_FEATURE:1cxx_decltype
    Feature record: CXX_FEATURE:1cxx_decltype_auto
    Feature record: CXX_FEATURE:1cxx_decltype_incomplete_return_types
    Feature record: CXX_FEATURE:1cxx_default_function_template_args
    Feature record: CXX_FEATURE:1cxx_defaulted_functions
    Feature record: CXX_FEATURE:1cxx_defaulted_move_initializers
    Feature record: CXX_FEATURE:1cxx_delegating_constructors
    Feature record: CXX_FEATURE:1cxx_deleted_functions
    Feature record: CXX_FEATURE:1cxx_digit_separators
    Feature record: CXX_FEATURE:1cxx_enum_forward_declarations
    Feature record: CXX_FEATURE:1cxx_explicit_conversions
    Feature record: CXX_FEATURE:1cxx_extended_friend_declarations
    Feature record: CXX_FEATURE:1cxx_extern_templates
    Feature record: CXX_FEATURE:1cxx_final
    Feature record: CXX_FEATURE:1cxx_func_identifier
    Feature record: CXX_FEATURE:1cxx_generalized_initializers
    Feature record: CXX_FEATURE:1cxx_generic_lambdas
    Feature record: CXX_FEATURE:1cxx_inheriting_constructors
    Feature record: CXX_FEATURE:1cxx_inline_namespaces
    Feature record: CXX_FEATURE:1cxx_lambdas
    Feature record: CXX_FEATURE:1cxx_lambda_init_captures
    Feature record: CXX_FEATURE:1cxx_local_type_template_args
    Feature record: CXX_FEATURE:1cxx_long_long_type
    Feature record: CXX_FEATURE:1cxx_noexcept
    Feature record: CXX_FEATURE:1cxx_nonstatic_member_init
    Feature record: CXX_FEATURE:1cxx_nullptr
    Feature record: CXX_FEATURE:1cxx_override
    Feature record: CXX_FEATURE:1cxx_range_for
    Feature record: CXX_FEATURE:1cxx_raw_string_literals
    Feature record: CXX_FEATURE:1cxx_reference_qualified_functions
    Feature record: CXX_FEATURE:1cxx_relaxed_constexpr
    Feature record: CXX_FEATURE:1cxx_return_type_deduction
    Feature record: CXX_FEATURE:1cxx_right_angle_brackets
    Feature record: CXX_FEATURE:1cxx_rvalue_references
    Feature record: CXX_FEATURE:1cxx_sizeof_member
    Feature record: CXX_FEATURE:1cxx_static_assert
    Feature record: CXX_FEATURE:1cxx_strong_enums
    Feature record: CXX_FEATURE:1cxx_template_template_parameters
    Feature record: CXX_FEATURE:1cxx_thread_local
    Feature record: CXX_FEATURE:1cxx_trailing_return_types
    Feature record: CXX_FEATURE:1cxx_unicode_literals
    Feature record: CXX_FEATURE:1cxx_uniform_initialization
    Feature record: CXX_FEATURE:1cxx_unrestricted_unions
    Feature record: CXX_FEATURE:1cxx_user_literals
    Feature record: CXX_FEATURE:1cxx_variable_templates
    Feature record: CXX_FEATURE:1cxx_variadic_macros
    Feature record: CXX_FEATURE:1cxx_variadic_templates


Detecting CXX [-std=c++11] compiler features compiled with the following output:
Change Dir: /home/herb/bin/LearnGL/MyOpenGL_temp/build/CMakeFiles/CMakeTmp

Run Build Command:"/usr/bin/make.exe" "cmTC_8c00a/fast"
/usr/bin/make -f CMakeFiles/cmTC_8c00a.dir/build.make CMakeFiles/cmTC_8c00a.dir/build
make[1]: ディレクトリ '/home/herb/bin/LearnGL/MyOpenGL_temp/build/CMakeFiles/CMakeTmp' に入ります
Building CXX object CMakeFiles/cmTC_8c00a.dir/feature_tests.cxx.obj
/mingw64/bin/gcc.exe    -std=c++11 -o CMakeFiles/cmTC_8c00a.dir/feature_tests.cxx.obj -c /home/herb/bin/LearnGL/MyOpenGL_temp/build/CMakeFiles/feature_tests.cxx
Linking CXX executable cmTC_8c00a
/usr/bin/cmake.exe -E cmake_link_script CMakeFiles/cmTC_8c00a.dir/link.txt --verbose=1
/mingw64/bin/gcc.exe       CMakeFiles/cmTC_8c00a.dir/feature_tests.cxx.obj  -o cmTC_8c00a 
make[1]: ディレクトリ '/home/herb/bin/LearnGL/MyOpenGL_temp/build/CMakeFiles/CMakeTmp' から出ます


    Feature record: CXX_FEATURE:0cxx_aggregate_default_initializers
    Feature record: CXX_FEATURE:1cxx_alias_templates
    Feature record: CXX_FEATURE:1cxx_alignas
    Feature record: CXX_FEATURE:1cxx_alignof
    Feature record: CXX_FEATURE:1cxx_attributes
    Feature record: CXX_FEATURE:0cxx_attribute_deprecated
    Feature record: CXX_FEATURE:1cxx_auto_type
    Feature record: CXX_FEATURE:0cxx_binary_literals
    Feature record: CXX_FEATURE:1cxx_constexpr
    Feature record: CXX_FEATURE:0cxx_contextual_conversions
    Feature record: CXX_FEATURE:1cxx_decltype
    Feature record: CXX_FEATURE:0cxx_decltype_auto
    Feature record: CXX_FEATURE:1cxx_decltype_incomplete_return_types
    Feature record: CXX_FEATURE:1cxx_default_function_template_args
    Feature record: CXX_FEATURE:1cxx_defaulted_functions
    Feature record: CXX_FEATURE:1cxx_defaulted_move_initializers
    Feature record: CXX_FEATURE:1cxx_delegating_constructors
    Feature record: CXX_FEATURE:1cxx_deleted_functions
    Feature record: CXX_FEATURE:0cxx_digit_separators
    Feature record: CXX_FEATURE:1cxx_enum_forward_declarations
    Feature record: CXX_FEATURE:1cxx_explicit_conversions
    Feature record: CXX_FEATURE:1cxx_extended_friend_declarations
    Feature record: CXX_FEATURE:1cxx_extern_templates
    Feature record: CXX_FEATURE:1cxx_final
    Feature record: CXX_FEATURE:1cxx_func_identifier
    Feature record: CXX_FEATURE:1cxx_generalized_initializers
    Feature record: CXX_FEATURE:0cxx_generic_lambdas
    Feature record: CXX_FEATURE:1cxx_inheriting_constructors
    Feature record: CXX_FEATURE:1cxx_inline_namespaces
    Feature record: CXX_FEATURE:1cxx_lambdas
    Feature record: CXX_FEATURE:0cxx_lambda_init_captures
    Feature record: CXX_FEATURE:1cxx_local_type_template_args
    Feature record: CXX_FEATURE:1cxx_long_long_type
    Feature record: CXX_FEATURE:1cxx_noexcept
    Feature record: CXX_FEATURE:1cxx_nonstatic_member_init
    Feature record: CXX_FEATURE:1cxx_nullptr
    Feature record: CXX_FEATURE:1cxx_override
    Feature record: CXX_FEATURE:1cxx_range_for
    Feature record: CXX_FEATURE:1cxx_raw_string_literals
    Feature record: CXX_FEATURE:1cxx_reference_qualified_functions
    Feature record: CXX_FEATURE:0cxx_relaxed_constexpr
    Feature record: CXX_FEATURE:0cxx_return_type_deduction
    Feature record: CXX_FEATURE:1cxx_right_angle_brackets
    Feature record: CXX_FEATURE:1cxx_rvalue_references
    Feature record: CXX_FEATURE:1cxx_sizeof_member
    Feature record: CXX_FEATURE:1cxx_static_assert
    Feature record: CXX_FEATURE:1cxx_strong_enums
    Feature record: CXX_FEATURE:1cxx_template_template_parameters
    Feature record: CXX_FEATURE:1cxx_thread_local
    Feature record: CXX_FEATURE:1cxx_trailing_return_types
    Feature record: CXX_FEATURE:1cxx_unicode_literals
    Feature record: CXX_FEATURE:1cxx_uniform_initialization
    Feature record: CXX_FEATURE:1cxx_unrestricted_unions
    Feature record: CXX_FEATURE:1cxx_user_literals
    Feature record: CXX_FEATURE:0cxx_variable_templates
    Feature record: CXX_FEATURE:1cxx_variadic_macros
    Feature record: CXX_FEATURE:1cxx_variadic_templates


Detecting CXX [-std=c++98] compiler features compiled with the following output:
Change Dir: /home/herb/bin/LearnGL/MyOpenGL_temp/build/CMakeFiles/CMakeTmp

Run Build Command:"/usr/bin/make.exe" "cmTC_d4bcb/fast"
/usr/bin/make -f CMakeFiles/cmTC_d4bcb.dir/build.make CMakeFiles/cmTC_d4bcb.dir/build
make[1]: ディレクトリ '/home/herb/bin/LearnGL/MyOpenGL_temp/build/CMakeFiles/CMakeTmp' に入ります
Building CXX object CMakeFiles/cmTC_d4bcb.dir/feature_tests.cxx.obj
/mingw64/bin/gcc.exe    -std=c++98 -o CMakeFiles/cmTC_d4bcb.dir/feature_tests.cxx.obj -c /home/herb/bin/LearnGL/MyOpenGL_temp/build/CMakeFiles/feature_tests.cxx
Linking CXX executable cmTC_d4bcb
/usr/bin/cmake.exe -E cmake_link_script CMakeFiles/cmTC_d4bcb.dir/link.txt --verbose=1
/mingw64/bin/gcc.exe       CMakeFiles/cmTC_d4bcb.dir/feature_tests.cxx.obj  -o cmTC_d4bcb 
make[1]: ディレクトリ '/home/herb/bin/LearnGL/MyOpenGL_temp/build/CMakeFiles/CMakeTmp' から出ます


    Feature record: CXX_FEATURE:0cxx_aggregate_default_initializers
    Feature record: CXX_FEATURE:0cxx_alias_templates
    Feature record: CXX_FEATURE:0cxx_alignas
    Feature record: CXX_FEATURE:0cxx_alignof
    Feature record: CXX_FEATURE:0cxx_attributes
    Feature record: CXX_FEATURE:0cxx_attribute_deprecated
    Feature record: CXX_FEATURE:0cxx_auto_type
    Feature record: CXX_FEATURE:0cxx_binary_literals
    Feature record: CXX_FEATURE:0cxx_constexpr
    Feature record: CXX_FEATURE:0cxx_contextual_conversions
    Feature record: CXX_FEATURE:0cxx_decltype
    Feature record: CXX_FEATURE:0cxx_decltype_auto
    Feature record: CXX_FEATURE:0cxx_decltype_incomplete_return_types
    Feature record: CXX_FEATURE:0cxx_default_function_template_args
    Feature record: CXX_FEATURE:0cxx_defaulted_functions
    Feature record: CXX_FEATURE:0cxx_defaulted_move_initializers
    Feature record: CXX_FEATURE:0cxx_delegating_constructors
    Feature record: CXX_FEATURE:0cxx_deleted_functions
    Feature record: CXX_FEATURE:0cxx_digit_separators
    Feature record: CXX_FEATURE:0cxx_enum_forward_declarations
    Feature record: CXX_FEATURE:0cxx_explicit_conversions
    Feature record: CXX_FEATURE:0cxx_extended_friend_declarations
    Feature record: CXX_FEATURE:0cxx_extern_templates
    Feature record: CXX_FEATURE:0cxx_final
    Feature record: CXX_FEATURE:0cxx_func_identifier
    Feature record: CXX_FEATURE:0cxx_generalized_initializers
    Feature record: CXX_FEATURE:0cxx_generic_lambdas
    Feature record: CXX_FEATURE:0cxx_inheriting_constructors
    Feature record: CXX_FEATURE:0cxx_inline_namespaces
    Feature record: CXX_FEATURE:0cxx_lambdas
    Feature record: CXX_FEATURE:0cxx_lambda_init_captures
    Feature record: CXX_FEATURE:0cxx_local_type_template_args
    Feature record: CXX_FEATURE:0cxx_long_long_type
    Feature record: CXX_FEATURE:0cxx_noexcept
    Feature record: CXX_FEATURE:0cxx_nonstatic_member_init
    Feature record: CXX_FEATURE:0cxx_nullptr
    Feature record: CXX_FEATURE:0cxx_override
    Feature record: CXX_FEATURE:0cxx_range_for
    Feature record: CXX_FEATURE:0cxx_raw_string_literals
    Feature record: CXX_FEATURE:0cxx_reference_qualified_functions
    Feature record: CXX_FEATURE:0cxx_relaxed_constexpr
    Feature record: CXX_FEATURE:0cxx_return_type_deduction
    Feature record: CXX_FEATURE:0cxx_right_angle_brackets
    Feature record: CXX_FEATURE:0cxx_rvalue_references
    Feature record: CXX_FEATURE:0cxx_sizeof_member
    Feature record: CXX_FEATURE:0cxx_static_assert
    Feature record: CXX_FEATURE:0cxx_strong_enums
    Feature record: CXX_FEATURE:1cxx_template_template_parameters
    Feature record: CXX_FEATURE:0cxx_thread_local
    Feature record: CXX_FEATURE:0cxx_trailing_return_types
    Feature record: CXX_FEATURE:0cxx_unicode_literals
    Feature record: CXX_FEATURE:0cxx_uniform_initialization
    Feature record: CXX_FEATURE:0cxx_unrestricted_unions
    Feature record: CXX_FEATURE:0cxx_user_literals
    Feature record: CXX_FEATURE:0cxx_variable_templates
    Feature record: CXX_FEATURE:0cxx_variadic_macros
    Feature record: CXX_FEATURE:0cxx_variadic_templates
Determining if the include file pthread.h exists passed with the following output:
Change Dir: /home/herb/bin/LearnGL/MyOpenGL_temp/build/CMakeFiles/CMakeTmp

Run Build Command:"/usr/bin/make.exe" "cmTC_2c5eb/fast"
/usr/bin/make -f CMakeFiles/cmTC_2c5eb.dir/build.make CMakeFiles/cmTC_2c5eb.dir/build
make[1]: ディレクトリ '/home/herb/bin/LearnGL/MyOpenGL_temp/build/CMakeFiles/CMakeTmp' に入ります
Building C object CMakeFiles/cmTC_2c5eb.dir/CheckIncludeFile.c.obj
/mingw64/bin/gcc.exe    -o CMakeFiles/cmTC_2c5eb.dir/CheckIncludeFile.c.obj   -c /home/herb/bin/LearnGL/MyOpenGL_temp/build/CMakeFiles/CMakeTmp/CheckIncludeFile.c
Linking C executable cmTC_2c5eb
/usr/bin/cmake.exe -E cmake_link_script CMakeFiles/cmTC_2c5eb.dir/link.txt --verbose=1
/mingw64/bin/gcc.exe      CMakeFiles/cmTC_2c5eb.dir/CheckIncludeFile.c.obj  -o cmTC_2c5eb 
make[1]: ディレクトリ '/home/herb/bin/LearnGL/MyOpenGL_temp/build/CMakeFiles/CMakeTmp' から出ます


Determining if the pthread_create exist passed with the following output:
Change Dir: /home/herb/bin/LearnGL/MyOpenGL_temp/build/CMakeFiles/CMakeTmp

Run Build Command:"/usr/bin/make.exe" "cmTC_30f55/fast"
/usr/bin/make -f CMakeFiles/cmTC_30f55.dir/build.make CMakeFiles/cmTC_30f55.dir/build
make[1]: ディレクトリ '/home/herb/bin/LearnGL/MyOpenGL_temp/build/CMakeFiles/CMakeTmp' に入ります
Building C object CMakeFiles/cmTC_30f55.dir/CheckSymbolExists.c.obj
/mingw64/bin/gcc.exe    -o CMakeFiles/cmTC_30f55.dir/CheckSymbolExists.c.obj   -c /home/herb/bin/LearnGL/MyOpenGL_temp/build/CMakeFiles/CMakeTmp/CheckSymbolExists.c
Linking C executable cmTC_30f55
/usr/bin/cmake.exe -E cmake_link_script CMakeFiles/cmTC_30f55.dir/link.txt --verbose=1
/mingw64/bin/gcc.exe      CMakeFiles/cmTC_30f55.dir/CheckSymbolExists.c.obj  -o cmTC_30f55 
make[1]: ディレクトリ '/home/herb/bin/LearnGL/MyOpenGL_temp/build/CMakeFiles/CMakeTmp' から出ます

File /home/herb/bin/LearnGL/MyOpenGL_temp/build/CMakeFiles/CMakeTmp/CheckSymbolExists.c:
/* */
#include <pthread.h>

int main(int argc, char** argv)
{
  (void)argv;
#ifndef pthread_create
  return ((int*)(&pthread_create))[argc];
#else
  (void)argc;
  return 0;
#endif
}

Determining if the include file dinput.h exists passed with the following output:
Change Dir: /home/herb/bin/LearnGL/MyOpenGL_temp/build/CMakeFiles/CMakeTmp

Run Build Command:"/usr/bin/make.exe" "cmTC_7ef16/fast"
/usr/bin/make -f CMakeFiles/cmTC_7ef16.dir/build.make CMakeFiles/cmTC_7ef16.dir/build
make[1]: ディレクトリ '/home/herb/bin/LearnGL/MyOpenGL_temp/build/CMakeFiles/CMakeTmp' に入ります
Building C object CMakeFiles/cmTC_7ef16.dir/CheckIncludeFile.c.obj
/mingw64/bin/gcc.exe    -o CMakeFiles/cmTC_7ef16.dir/CheckIncludeFile.c.obj   -c /home/herb/bin/LearnGL/MyOpenGL_temp/build/CMakeFiles/CMakeTmp/CheckIncludeFile.c
Linking C executable cmTC_7ef16
/usr/bin/cmake.exe -E cmake_link_script CMakeFiles/cmTC_7ef16.dir/link.txt --verbose=1
/mingw64/bin/gcc.exe      CMakeFiles/cmTC_7ef16.dir/CheckIncludeFile.c.obj  -o cmTC_7ef16 
make[1]: ディレクトリ '/home/herb/bin/LearnGL/MyOpenGL_temp/build/CMakeFiles/CMakeTmp' から出ます


Determining if the include file xinput.h exists passed with the following output:
Change Dir: /home/herb/bin/LearnGL/MyOpenGL_temp/build/CMakeFiles/CMakeTmp

Run Build Command:"/usr/bin/make.exe" "cmTC_b45ef/fast"
/usr/bin/make -f CMakeFiles/cmTC_b45ef.dir/build.make CMakeFiles/cmTC_b45ef.dir/build
make[1]: ディレクトリ '/home/herb/bin/LearnGL/MyOpenGL_temp/build/CMakeFiles/CMakeTmp' に入ります
Building C object CMakeFiles/cmTC_b45ef.dir/CheckIncludeFile.c.obj
/mingw64/bin/gcc.exe    -o CMakeFiles/cmTC_b45ef.dir/CheckIncludeFile.c.obj   -c /home/herb/bin/LearnGL/MyOpenGL_temp/build/CMakeFiles/CMakeTmp/CheckIncludeFile.c
Linking C executable cmTC_b45ef
/usr/bin/cmake.exe -E cmake_link_script CMakeFiles/cmTC_b45ef.dir/link.txt --verbose=1
/mingw64/bin/gcc.exe      CMakeFiles/cmTC_b45ef.dir/CheckIncludeFile.c.obj  -o cmTC_b45ef 
make[1]: ディレクトリ '/home/herb/bin/LearnGL/MyOpenGL_temp/build/CMakeFiles/CMakeTmp' から出ます


Performing C SOURCE FILE Test _GLFW_HAS_DEP succeeded with the following output:
Change Dir: /home/herb/bin/LearnGL/MyOpenGL_temp/build/CMakeFiles/CMakeTmp

Run Build Command:"/usr/bin/make.exe" "cmTC_3e334/fast"
/usr/bin/make -f CMakeFiles/cmTC_3e334.dir/build.make CMakeFiles/cmTC_3e334.dir/build
make[1]: Entering directory '/home/herb/bin/LearnGL/MyOpenGL_temp/build/CMakeFiles/CMakeTmp'
Building C object CMakeFiles/cmTC_3e334.dir/src.c.obj
/mingw64/bin/gcc.exe   -D_GLFW_HAS_DEP -Wl,--nxcompat   -o CMakeFiles/cmTC_3e334.dir/src.c.obj   -c /home/herb/bin/LearnGL/MyOpenGL_temp/build/CMakeFiles/CMakeTmp/src.c
Linking C executable cmTC_3e334
/usr/bin/cmake.exe -E cmake_link_script CMakeFiles/cmTC_3e334.dir/link.txt --verbose=1
/mingw64/bin/gcc.exe  -D_GLFW_HAS_DEP -Wl,--nxcompat    CMakeFiles/cmTC_3e334.dir/src.c.obj  -o cmTC_3e334 
make[1]: Leaving directory '/home/herb/bin/LearnGL/MyOpenGL_temp/build/CMakeFiles/CMakeTmp'

Source file was:
int main(void) { return 0; }
Performing C SOURCE FILE Test _GLFW_HAS_ASLR succeeded with the following output:
Change Dir: /home/herb/bin/LearnGL/MyOpenGL_temp/build/CMakeFiles/CMakeTmp

Run Build Command:"/usr/bin/make.exe" "cmTC_e8208/fast"
/usr/bin/make -f CMakeFiles/cmTC_e8208.dir/build.make CMakeFiles/cmTC_e8208.dir/build
make[1]: Entering directory '/home/herb/bin/LearnGL/MyOpenGL_temp/build/CMakeFiles/CMakeTmp'
Building C object CMakeFiles/cmTC_e8208.dir/src.c.obj
/mingw64/bin/gcc.exe   -D_GLFW_HAS_ASLR -Wl,--dynamicbase   -o CMakeFiles/cmTC_e8208.dir/src.c.obj   -c /home/herb/bin/LearnGL/MyOpenGL_temp/build/CMakeFiles/CMakeTmp/src.c
Linking C executable cmTC_e8208
/usr/bin/cmake.exe -E cmake_link_script CMakeFiles/cmTC_e8208.dir/link.txt --verbose=1
/mingw64/bin/gcc.exe  -D_GLFW_HAS_ASLR -Wl,--dynamicbase    CMakeFiles/cmTC_e8208.dir/src.c.obj  -o cmTC_e8208 
make[1]: Leaving directory '/home/herb/bin/LearnGL/MyOpenGL_temp/build/CMakeFiles/CMakeTmp'

Source file was:
int main(void) { return 0; }
Performing C SOURCE FILE Test _GLFW_HAS_64ASLR succeeded with the following output:
Change Dir: /home/herb/bin/LearnGL/MyOpenGL_temp/build/CMakeFiles/CMakeTmp

Run Build Command:"/usr/bin/make.exe" "cmTC_2403c/fast"
/usr/bin/make -f CMakeFiles/cmTC_2403c.dir/build.make CMakeFiles/cmTC_2403c.dir/build
make[1]: Entering directory '/home/herb/bin/LearnGL/MyOpenGL_temp/build/CMakeFiles/CMakeTmp'
Building C object CMakeFiles/cmTC_2403c.dir/src.c.obj
/mingw64/bin/gcc.exe   -D_GLFW_HAS_64ASLR -Wl,--high-entropy-va   -o CMakeFiles/cmTC_2403c.dir/src.c.obj   -c /home/herb/bin/LearnGL/MyOpenGL_temp/build/CMakeFiles/CMakeTmp/src.c
Linking C executable cmTC_2403c
/usr/bin/cmake.exe -E cmake_link_script CMakeFiles/cmTC_2403c.dir/link.txt --verbose=1
/mingw64/bin/gcc.exe  -D_GLFW_HAS_64ASLR -Wl,--high-entropy-va    CMakeFiles/cmTC_2403c.dir/src.c.obj  -o cmTC_2403c 
make[1]: Leaving directory '/home/herb/bin/LearnGL/MyOpenGL_temp/build/CMakeFiles/CMakeTmp'

Source file was:
int main(void) { return 0; }
