Determining if the pthread_create exist failed with the following output:
Change Dir: /home/herb/bin/learnCMake/MyOpenGL_temp/build/CMakeFiles/CMakeTmp

Run Build Command:"/usr/bin/make" "cmTC_717d8/fast"
/usr/bin/make -f CMakeFiles/cmTC_717d8.dir/build.make CMakeFiles/cmTC_717d8.dir/build
make[1]: ディレクトリ '/home/herb/bin/learnCMake/MyOpenGL_temp/build/CMakeFiles/CMakeTmp' に入ります
Building C object CMakeFiles/cmTC_717d8.dir/CheckSymbolExists.c.o
/usr/bin/cc     -o CMakeFiles/cmTC_717d8.dir/CheckSymbolExists.c.o   -c /home/herb/bin/learnCMake/MyOpenGL_temp/build/CMakeFiles/CMakeTmp/CheckSymbolExists.c
Linking C executable cmTC_717d8
/usr/bin/cmake -E cmake_link_script CMakeFiles/cmTC_717d8.dir/link.txt --verbose=1
/usr/bin/cc       CMakeFiles/cmTC_717d8.dir/CheckSymbolExists.c.o  -o cmTC_717d8 -rdynamic 
CMakeFiles/cmTC_717d8.dir/CheckSymbolExists.c.o: 関数 `main' 内:
CheckSymbolExists.c:(.text+0x1b): `pthread_create' に対する定義されていない参照です
collect2: error: ld returned 1 exit status
CMakeFiles/cmTC_717d8.dir/build.make:97: ターゲット 'cmTC_717d8' のレシピで失敗しました
make[1]: *** [cmTC_717d8] エラー 1
make[1]: ディレクトリ '/home/herb/bin/learnCMake/MyOpenGL_temp/build/CMakeFiles/CMakeTmp' から出ます
Makefile:126: ターゲット 'cmTC_717d8/fast' のレシピで失敗しました
make: *** [cmTC_717d8/fast] エラー 2

File /home/herb/bin/learnCMake/MyOpenGL_temp/build/CMakeFiles/CMakeTmp/CheckSymbolExists.c:
/* */
#include <pthread.h>

int main(int argc, char** argv)
{
  (void)argv;
#ifndef pthread_create
  return ((int*)(&pthread_create))[argc];
#else
  (void)argc;
  return 0;
#endif
}

Determining if the function pthread_create exists in the pthreads failed with the following output:
Change Dir: /home/herb/bin/learnCMake/MyOpenGL_temp/build/CMakeFiles/CMakeTmp

Run Build Command:"/usr/bin/make" "cmTC_a7dde/fast"
/usr/bin/make -f CMakeFiles/cmTC_a7dde.dir/build.make CMakeFiles/cmTC_a7dde.dir/build
make[1]: ディレクトリ '/home/herb/bin/learnCMake/MyOpenGL_temp/build/CMakeFiles/CMakeTmp' に入ります
Building C object CMakeFiles/cmTC_a7dde.dir/CheckFunctionExists.c.o
/usr/bin/cc    -DCHECK_FUNCTION_EXISTS=pthread_create   -o CMakeFiles/cmTC_a7dde.dir/CheckFunctionExists.c.o   -c /usr/share/cmake-3.7/Modules/CheckFunctionExists.c
Linking C executable cmTC_a7dde
/usr/bin/cmake -E cmake_link_script CMakeFiles/cmTC_a7dde.dir/link.txt --verbose=1
/usr/bin/cc   -DCHECK_FUNCTION_EXISTS=pthread_create    CMakeFiles/cmTC_a7dde.dir/CheckFunctionExists.c.o  -o cmTC_a7dde -rdynamic -lpthreads 
/usr/bin/ld: -lpthreads が見つかりません
collect2: error: ld returned 1 exit status
CMakeFiles/cmTC_a7dde.dir/build.make:97: ターゲット 'cmTC_a7dde' のレシピで失敗しました
make[1]: *** [cmTC_a7dde] エラー 1
make[1]: ディレクトリ '/home/herb/bin/learnCMake/MyOpenGL_temp/build/CMakeFiles/CMakeTmp' から出ます
Makefile:126: ターゲット 'cmTC_a7dde/fast' のレシピで失敗しました
make: *** [cmTC_a7dde/fast] エラー 2


